<?xml version="1.0" encoding="UTF-8"?>
<TestRun id="6715040a-8305-419d-9d7f-7384978867f3" name="Student@10266A-GEN-DEV 2022-06-28 04:12:14" runUser="10266A-GEN-DEV\Student" xmlns="http://microsoft.com/schemas/VisualStudio/TeamTest/2010">
  <TestSettings name="Local" id="f280f9c4-3263-4c06-9992-959ca492d29a">
    <Description>These are default test settings for a local test run.</Description>
    <Deployment enabled="false" runDeploymentRoot="Student_10266A-GEN-DEV 2022-06-28 04_12_14">
      <DeploymentItem filename="E:\Labfiles\Lab 3\Ex1\Starter\GreatestCommonDivisor\bin\Debug\Module3.exe" />
    </Deployment>
    <Execution>
      <TestTypeSpecific />
      <AgentRule name="Execution Agents">
      </AgentRule>
    </Execution>
  </TestSettings>
  <Times creation="2022-06-28T04:12:14.9938672-07:00" queuing="2022-06-28T04:12:15.2321485-07:00" start="2022-06-28T04:12:15.2614454-07:00" finish="2022-06-28T04:12:15.3883985-07:00" />
  <ResultSummary outcome="Completed">
    <Counters total="1" executed="1" passed="1" error="0" failed="0" timeout="0" aborted="0" inconclusive="0" passedButRunAborted="0" notRunnable="0" notExecuted="0" disconnected="0" warning="0" completed="0" inProgress="0" pending="0" />
  </ResultSummary>
  <TestDefinitions>
    <UnitTest name="FindGCDEcluidTest" storage="e:\labfiles\lab 3\ex1\starter\gcd test project\bin\debug\gcd test project.dll" id="d50055a0-4d5b-2c9f-add1-7e43b7c1b4e5">
      <Execution id="55fff2b4-9001-4cb1-827a-54fd28288f5b" />
      <TestMethod codeBase="E:/Labfiles/Lab 3/Ex1/Starter/GCD Test Project/bin/Debug/GCD Test Project.DLL" adapterTypeName="Microsoft.VisualStudio.TestTools.TestTypes.Unit.UnitTestAdapter, Microsoft.VisualStudio.QualityTools.Tips.UnitTest.Adapter, Version=10.0.0.0, Culture=neutral, PublicKeyToken=b03f5f7f11d50a3a" className="GCD_Test_Project.GCDAlgorithmsTest, GCD Test Project, Version=1.0.0.0, Culture=neutral, PublicKeyToken=null" name="FindGCDEcluidTest" />
    </UnitTest>
  </TestDefinitions>
  <TestLists>
    <TestList name="Results Not in a List" id="8c84fa94-04c1-424b-9868-57a2d4851a1d" />
    <TestList name="All Loaded Results" id="19431567-8539-422a-85d7-44ee4e166bda" />
  </TestLists>
  <TestEntries>
    <TestEntry testId="d50055a0-4d5b-2c9f-add1-7e43b7c1b4e5" executionId="55fff2b4-9001-4cb1-827a-54fd28288f5b" testListId="8c84fa94-04c1-424b-9868-57a2d4851a1d" />
  </TestEntries>
  <Results>
    <UnitTestResult executionId="55fff2b4-9001-4cb1-827a-54fd28288f5b" testId="d50055a0-4d5b-2c9f-add1-7e43b7c1b4e5" testName="FindGCDEcluidTest" computerName="10266A-GEN-DEV" duration="00:00:00.0082873" startTime="2022-06-28T04:12:15.2702344-07:00" endTime="2022-06-28T04:12:15.3757032-07:00" testType="13cdc9d9-ddb5-4fa4-a97d-d965ccfc6d4b" outcome="Passed" testListId="8c84fa94-04c1-424b-9868-57a2d4851a1d" relativeResultsDirectory="55fff2b4-9001-4cb1-827a-54fd28288f5b">
    </UnitTestResult>
  </Results>
</TestRun>