<?xml version="1.0" encoding="UTF-8"?>
<TestRun id="1a20f3bc-6d2d-47e1-8719-1a76c26bc8b4" name="Student@10266A-GEN-DEV 2022-06-30 01:48:11" runUser="10266A-GEN-DEV\Student" xmlns="http://microsoft.com/schemas/VisualStudio/TeamTest/2010">
  <TestSettings name="Local" id="947f455c-0ffd-4088-ab69-a8d0fd81f18c">
    <Description>These are default test settings for a local test run.</Description>
    <Deployment enabled="false" runDeploymentRoot="Student_10266A-GEN-DEV 2022-06-30 01_48_11">
      <DeploymentItem filename="E:\Labfiles\Labs\AiTi_CS_Course_6lab_ex3\StressTest\bin\Debug\StressTest.dll" />
    </Deployment>
    <Execution>
      <TestTypeSpecific />
      <AgentRule name="Execution Agents">
      </AgentRule>
    </Execution>
  </TestSettings>
  <Times creation="2022-06-30T01:48:11.7048047-07:00" queuing="2022-06-30T01:48:11.8874219-07:00" start="2022-06-30T01:48:11.9147657-07:00" finish="2022-06-30T01:48:12.0495313-07:00" />
  <ResultSummary outcome="Failed">
    <Counters total="5" executed="5" passed="4" error="0" failed="1" timeout="0" aborted="0" inconclusive="0" passedButRunAborted="0" notRunnable="0" notExecuted="0" disconnected="0" warning="0" completed="0" inProgress="0" pending="0" />
  </ResultSummary>
  <TestDefinitions>
    <UnitTest name="ToStringTest" storage="e:\labfiles\labs\aiti_cs_course_6lab_ex3\classes unit test project\bin\debug\unit tests for module 6.dll" id="31fb5f85-762e-6967-40f4-c52200bfb2ba">
      <Execution id="3673d703-e14c-406e-b710-f11c93d86162" />
      <TestMethod codeBase="E:/Labfiles/Labs/AiTi_CS_Course_6lab_ex3/Classes Unit Test Project/bin/Debug/Unit Tests for Module 6.DLL" adapterTypeName="Microsoft.VisualStudio.TestTools.TestTypes.Unit.UnitTestAdapter, Microsoft.VisualStudio.QualityTools.Tips.UnitTest.Adapter, Version=10.0.0.0, Culture=neutral, PublicKeyToken=b03f5f7f11d50a3a" className="Lab6UnitTests.StressTestCaseTest, Unit Tests for Module 6, Version=1.0.0.0, Culture=neutral, PublicKeyToken=null" name="ToStringTest" />
    </UnitTest>
    <UnitTest name="StressTestCaseConstructorTest" storage="e:\labfiles\labs\aiti_cs_course_6lab_ex3\classes unit test project\bin\debug\unit tests for module 6.dll" id="1f359600-5dde-4b23-acc3-108cfa5c5af8">
      <Execution id="8a3ac576-3c46-4f07-9adb-1b66b670a8b2" />
      <TestMethod codeBase="E:/Labfiles/Labs/AiTi_CS_Course_6lab_ex3/Classes Unit Test Project/bin/Debug/Unit Tests for Module 6.DLL" adapterTypeName="Microsoft.VisualStudio.TestTools.TestTypes.Unit.UnitTestAdapter, Microsoft.VisualStudio.QualityTools.Tips.UnitTest.Adapter, Version=10.0.0.0, Culture=neutral, PublicKeyToken=b03f5f7f11d50a3a" className="Lab6UnitTests.StressTestCaseTest, Unit Tests for Module 6, Version=1.0.0.0, Culture=neutral, PublicKeyToken=null" name="StressTestCaseConstructorTest" />
    </UnitTest>
    <UnitTest name="StressTestCaseConstructorTest1" storage="e:\labfiles\labs\aiti_cs_course_6lab_ex3\classes unit test project\bin\debug\unit tests for module 6.dll" id="6793f6b4-affe-54ca-81da-544f41857e8c">
      <Execution id="5fccec87-2964-44fa-a489-28e1bdc02a52" />
      <TestMethod codeBase="E:/Labfiles/Labs/AiTi_CS_Course_6lab_ex3/Classes Unit Test Project/bin/Debug/Unit Tests for Module 6.DLL" adapterTypeName="Microsoft.VisualStudio.TestTools.TestTypes.Unit.UnitTestAdapter, Microsoft.VisualStudio.QualityTools.Tips.UnitTest.Adapter, Version=10.0.0.0, Culture=neutral, PublicKeyToken=b03f5f7f11d50a3a" className="Lab6UnitTests.StressTestCaseTest, Unit Tests for Module 6, Version=1.0.0.0, Culture=neutral, PublicKeyToken=null" name="StressTestCaseConstructorTest1" />
    </UnitTest>
    <UnitTest name="GetStressTestResultTest" storage="e:\labfiles\labs\aiti_cs_course_6lab_ex3\classes unit test project\bin\debug\unit tests for module 6.dll" id="c11e7c1d-309d-7cbc-9c73-7685ecb0262b">
      <Execution id="fdf40a03-5bc7-42cc-b2cf-efa3a28a8f86" />
      <TestMethod codeBase="E:/Labfiles/Labs/AiTi_CS_Course_6lab_ex3/Classes Unit Test Project/bin/Debug/Unit Tests for Module 6.DLL" adapterTypeName="Microsoft.VisualStudio.TestTools.TestTypes.Unit.UnitTestAdapter, Microsoft.VisualStudio.QualityTools.Tips.UnitTest.Adapter, Version=10.0.0.0, Culture=neutral, PublicKeyToken=b03f5f7f11d50a3a" className="Lab6UnitTests.StressTestCaseTest, Unit Tests for Module 6, Version=1.0.0.0, Culture=neutral, PublicKeyToken=null" name="GetStressTestResultTest" />
    </UnitTest>
    <UnitTest name="PerformStressTestTest" storage="e:\labfiles\labs\aiti_cs_course_6lab_ex3\classes unit test project\bin\debug\unit tests for module 6.dll" id="59439859-1717-0e5d-97d8-5e039d880f03">
      <Execution id="3ba0df1d-e652-47f1-9db8-239b794efbf1" />
      <TestMethod codeBase="E:/Labfiles/Labs/AiTi_CS_Course_6lab_ex3/Classes Unit Test Project/bin/Debug/Unit Tests for Module 6.DLL" adapterTypeName="Microsoft.VisualStudio.TestTools.TestTypes.Unit.UnitTestAdapter, Microsoft.VisualStudio.QualityTools.Tips.UnitTest.Adapter, Version=10.0.0.0, Culture=neutral, PublicKeyToken=b03f5f7f11d50a3a" className="Lab6UnitTests.StressTestCaseTest, Unit Tests for Module 6, Version=1.0.0.0, Culture=neutral, PublicKeyToken=null" name="PerformStressTestTest" />
    </UnitTest>
  </TestDefinitions>
  <TestLists>
    <TestList name="Results Not in a List" id="8c84fa94-04c1-424b-9868-57a2d4851a1d" />
    <TestList name="All Loaded Results" id="19431567-8539-422a-85d7-44ee4e166bda" />
  </TestLists>
  <TestEntries>
    <TestEntry testId="1f359600-5dde-4b23-acc3-108cfa5c5af8" executionId="8a3ac576-3c46-4f07-9adb-1b66b670a8b2" testListId="8c84fa94-04c1-424b-9868-57a2d4851a1d" />
    <TestEntry testId="31fb5f85-762e-6967-40f4-c52200bfb2ba" executionId="3673d703-e14c-406e-b710-f11c93d86162" testListId="8c84fa94-04c1-424b-9868-57a2d4851a1d" />
    <TestEntry testId="59439859-1717-0e5d-97d8-5e039d880f03" executionId="3ba0df1d-e652-47f1-9db8-239b794efbf1" testListId="8c84fa94-04c1-424b-9868-57a2d4851a1d" />
    <TestEntry testId="6793f6b4-affe-54ca-81da-544f41857e8c" executionId="5fccec87-2964-44fa-a489-28e1bdc02a52" testListId="8c84fa94-04c1-424b-9868-57a2d4851a1d" />
    <TestEntry testId="c11e7c1d-309d-7cbc-9c73-7685ecb0262b" executionId="fdf40a03-5bc7-42cc-b2cf-efa3a28a8f86" testListId="8c84fa94-04c1-424b-9868-57a2d4851a1d" />
  </TestEntries>
  <Results>
    <UnitTestResult executionId="8a3ac576-3c46-4f07-9adb-1b66b670a8b2" testId="1f359600-5dde-4b23-acc3-108cfa5c5af8" testName="StressTestCaseConstructorTest" computerName="10266A-GEN-DEV" duration="00:00:00.0085961" startTime="2022-06-30T01:48:11.9176954-07:00" endTime="2022-06-30T01:48:12.0182813-07:00" testType="13cdc9d9-ddb5-4fa4-a97d-d965ccfc6d4b" outcome="Passed" testListId="8c84fa94-04c1-424b-9868-57a2d4851a1d" relativeResultsDirectory="8a3ac576-3c46-4f07-9adb-1b66b670a8b2">
    </UnitTestResult>
    <UnitTestResult executionId="3673d703-e14c-406e-b710-f11c93d86162" testId="31fb5f85-762e-6967-40f4-c52200bfb2ba" testName="ToStringTest" computerName="10266A-GEN-DEV" duration="00:00:00.0114011" startTime="2022-06-30T01:48:12.0182813-07:00" endTime="2022-06-30T01:48:12.0309766-07:00" testType="13cdc9d9-ddb5-4fa4-a97d-d965ccfc6d4b" outcome="Failed" testListId="8c84fa94-04c1-424b-9868-57a2d4851a1d" relativeResultsDirectory="3673d703-e14c-406e-b710-f11c93d86162">
      <Output>
        <ErrorInfo>
          <Message>Test method Lab6UnitTests.StressTestCaseTest.ToStringTest threw exception: 
System.FormatException: Input string was not in a correct format.</Message>
          <StackTrace>    at System.Text.StringBuilder.AppendFormat(IFormatProvider provider, String format, Object[] args)
   at System.String.Format(IFormatProvider provider, String format, Object[] args)
   at System.String.Format(String format, Object[] args)
   at StressTest.StressTestCase.ToString() in E:\Labfiles\Labs\AiTi_CS_Course_6lab_ex3\StressTest\StressTestTypes.cs:line 96
   at Lab6UnitTests.StressTestCaseTest.ToStringTest() in E:\Labfiles\Labs\AiTi_CS_Course_6lab_ex3\Classes Unit Test Project\StressTestCaseTest.cs:line 139
</StackTrace>
        </ErrorInfo>
      </Output>
    </UnitTestResult>
    <UnitTestResult executionId="3ba0df1d-e652-47f1-9db8-239b794efbf1" testId="59439859-1717-0e5d-97d8-5e039d880f03" testName="PerformStressTestTest" computerName="10266A-GEN-DEV" duration="00:00:00.0003587" startTime="2022-06-30T01:48:12.0319532-07:00" endTime="2022-06-30T01:48:12.0339063-07:00" testType="13cdc9d9-ddb5-4fa4-a97d-d965ccfc6d4b" outcome="Passed" testListId="8c84fa94-04c1-424b-9868-57a2d4851a1d" relativeResultsDirectory="3ba0df1d-e652-47f1-9db8-239b794efbf1">
    </UnitTestResult>
    <UnitTestResult executionId="5fccec87-2964-44fa-a489-28e1bdc02a52" testId="6793f6b4-affe-54ca-81da-544f41857e8c" testName="StressTestCaseConstructorTest1" computerName="10266A-GEN-DEV" duration="00:00:00.0001075" startTime="2022-06-30T01:48:12.0339063-07:00" endTime="2022-06-30T01:48:12.0368360-07:00" testType="13cdc9d9-ddb5-4fa4-a97d-d965ccfc6d4b" outcome="Passed" testListId="8c84fa94-04c1-424b-9868-57a2d4851a1d" relativeResultsDirectory="5fccec87-2964-44fa-a489-28e1bdc02a52">
    </UnitTestResult>
    <UnitTestResult executionId="fdf40a03-5bc7-42cc-b2cf-efa3a28a8f86" testId="c11e7c1d-309d-7cbc-9c73-7685ecb0262b" testName="GetStressTestResultTest" computerName="10266A-GEN-DEV" duration="00:00:00.0000835" startTime="2022-06-30T01:48:12.0378125-07:00" endTime="2022-06-30T01:48:12.0387891-07:00" testType="13cdc9d9-ddb5-4fa4-a97d-d965ccfc6d4b" outcome="Passed" testListId="8c84fa94-04c1-424b-9868-57a2d4851a1d" relativeResultsDirectory="fdf40a03-5bc7-42cc-b2cf-efa3a28a8f86">
    </UnitTestResult>
  </Results>
</TestRun>